<?xml version="1.0" encoding="UTF-8"?>
<testng-results total="2" passed="2" failed="0" skipped="0">
  <reporter-output>
  </reporter-output>
  <suite started-at="2020-05-05T08:13:47Z" name="Default suite" finished-at="2020-05-05T08:14:00Z" duration-ms="13023">
    <groups>
    </groups>
    <test started-at="2020-05-05T08:13:47Z" name="Default test" finished-at="2020-05-05T08:14:00Z" duration-ms="13023">
      <class name="com.localizadores.Localizadores">
        <test-method is-config="true" signature="beforeClass()[pri:0, instance:com.localizadores.Localizadores@429bffaa]" started-at="2020-05-05T03:13:47Z" name="beforeClass" finished-at="2020-05-05T03:13:49Z" duration-ms="2414" status="PASS">
          <reporter-output>
          </reporter-output>
        </test-method> <!-- beforeClass -->
        <test-method signature="registerUser()[pri:0, instance:com.localizadores.Localizadores@429bffaa]" started-at="2020-05-05T03:13:49Z" name="registerUser" finished-at="2020-05-05T03:13:53Z" duration-ms="3849" status="PASS">
          <reporter-output>
          </reporter-output>
        </test-method> <!-- registerUser -->
        <test-method is-config="true" signature="beforeClass()[pri:0, instance:com.localizadores.Localizadores@429bffaa]" started-at="2020-05-05T03:13:53Z" name="beforeClass" finished-at="2020-05-05T03:13:55Z" duration-ms="2079" status="PASS">
          <reporter-output>
          </reporter-output>
        </test-method> <!-- beforeClass -->
        <test-method signature="signIn()[pri:0, instance:com.localizadores.Localizadores@429bffaa]" started-at="2020-05-05T03:13:55Z" name="signIn" finished-at="2020-05-05T03:14:00Z" duration-ms="4666" status="PASS">
          <reporter-output>
          </reporter-output>
        </test-method> <!-- signIn -->
        <test-method is-config="true" signature="afterTest()[pri:0, instance:com.localizadores.Localizadores@429bffaa]" started-at="2020-05-05T03:14:00Z" name="afterTest" finished-at="2020-05-05T03:14:00Z" duration-ms="1" status="PASS">
          <reporter-output>
          </reporter-output>
        </test-method> <!-- afterTest -->
      </class> <!-- com.localizadores.Localizadores -->
    </test> <!-- Default test -->
  </suite> <!-- Default suite -->
</testng-results>
