<?xml version="1.0" encoding="UTF-8"?>
<testng-results total="1" passed="1" failed="0" skipped="0">
  <reporter-output>
  </reporter-output>
  <suite started-at="2020-05-03T23:03:22Z" name="Default suite" finished-at="2020-05-03T23:03:31Z" duration-ms="8885">
    <groups>
    </groups>
    <test started-at="2020-05-03T23:03:22Z" name="Default test" finished-at="2020-05-03T23:03:31Z" duration-ms="8885">
      <class name="com.qualitystream.tutorial.GoogleSearchTest">
        <test-method is-config="true" signature="setUp()[pri:0, instance:com.qualitystream.tutorial.GoogleSearchTest@6babf3bf]" started-at="2020-05-03T18:03:22Z" name="setUp" finished-at="2020-05-03T18:03:29Z" duration-ms="6770" status="PASS">
          <reporter-output>
          </reporter-output>
        </test-method> <!-- setUp -->
        <test-method signature="testGooglePage()[pri:0, instance:com.qualitystream.tutorial.GoogleSearchTest@6babf3bf]" started-at="2020-05-03T18:03:29Z" name="testGooglePage" finished-at="2020-05-03T18:03:31Z" duration-ms="1904" status="PASS">
          <reporter-output>
          </reporter-output>
        </test-method> <!-- testGooglePage -->
        <test-method is-config="true" signature="tearDown()[pri:0, instance:com.qualitystream.tutorial.GoogleSearchTest@6babf3bf]" started-at="2020-05-03T18:03:31Z" name="tearDown" finished-at="2020-05-03T18:03:31Z" duration-ms="197" status="PASS">
          <reporter-output>
          </reporter-output>
        </test-method> <!-- tearDown -->
      </class> <!-- com.qualitystream.tutorial.GoogleSearchTest -->
    </test> <!-- Default test -->
  </suite> <!-- Default suite -->
</testng-results>
